[2026-03-21 11:53:11.702] [INFO] [dev.kostromdan.mods.crash_assistant.app.CrashAssistantApp]: CrashAssistantApp running: JVM args: [-XX:+UseSerialGC, -XX:MaxHeapFreeRatio=30, -XX:MinHeapFreeRatio=10, -XX:MaxGCPauseMillis=10000, -Xms8m, -Xmx512m]
[2026-03-21 11:53:11.704] [INFO] [dev.kostromdan.mods.crash_assistant.app.CrashAssistantApp]: CrashAssistantApp running: program args: [-jarPath, local\crash_assistant\12424_1774093986510_app.jar, -parentPID, 12424, -parentStarted, 1774093986510, -platform, FABRIC, -platformOwerridenData, aHR0cHM6Ly9kaXNjb3JkLmdnL3Y2djRwTXYKRmFicmljIERpc2NvcmQKI3BsYXllci1zdXBwb3J0IGNoYW5uZWw=, -loaderJarName, fabric-loader-0.18.4.jar, -minecraftVersion, 1.20.1, -childProcessesPIDs, VU5ERUZJTkVE, -minecraftStartCommand, LS08VVNFUj5uYW1lLCBCaWdoMjAxMXgsIC0tdmVyc2lvbiwgMS4yMC4xLCAtLWdhbWVEaXIsIEM6L1VzZXJzLzxVU0VSPi9BcHBEYXRhL1JvYW1pbmcvUHJpc21MYXVuY2hlci9pbnN0YW5jZXMvbWFpbi1jcmVhdGUvbWluZWNyYWZ0LCAtLWFzc2V0c0RpciwgQzovVXNlcnMvPFVTRVI+L0FwcERhdGEvUm9hbWluZy9QcmlzbUxhdW5jaGVyL2Fzc2V0cywgLS1hc3NldEluZGV4LCA1LCAtLXV1aWQsIDRhZDdhZDcwZGQ5ODQ3MGFhNDM4YmY2MWIwMmRhZWM4LCAtLWFjY2Vzc1Rva2VuLCA/Pz8/Pz8/PywgLS08VVNFUj5UeXBlLCBtc2EsIC0tdmVyc2lvblR5cGUsIEZhYnJpYywgLS13aWR0aCwgODU0LCAtLWhlaWdodCwgNDgw, -minecraftJvmArgs, LVhYOkhlYXBEdW1wUGF0aD1Nb2phbmdUcmlja3NJbnRlbERyaXZlcnNGb3JQZXJmb3JtYW5jZV9qYXZhdy5leGVfbWluZWNyYWZ0LmV4ZS5oZWFwZHVtcCwgLVhtczUxMm0sIC1YbXg0MDk2bSwgLUQ8VVNFUj4ubGFuZ3VhZ2U9ZW4sIC1EamF2YS5saWJyYXJ5LnBhdGg9QzovVXNlcnMvPFVTRVI+L0FwcERhdGEvUm9hbWluZy9QcmlzbUxhdW5jaGVyL2luc3RhbmNlcy9tYWluLWNyZWF0ZS9uYXRpdmVz, -crashAssistantModJarName, CrashAssistant-fabric-1.19-1.20.1-1.11.3.jar, -classPath, local\crash_assistant\12424_1774093986510_app.jar;local\crash_assistant\12424_1774093986510_mod.jar;C:\Users\user\AppData\Roaming\PrismLauncher\libraries\org\apache\logging\log4j\log4j-api\2.19.0\log4j-api-2.19.0.jar;C:\Users\user\AppData\Roaming\PrismLauncher\libraries\commons-io\commons-io\2.11.0\commons-io-2.11.0.jar;C:\Users\user\AppData\Roaming\PrismLauncher\libraries\org\apache\logging\log4j\log4j-core\2.19.0\log4j-core-2.19.0.jar;C:\Users\user\AppData\Roaming\PrismLauncher\libraries\net\java\dev\jna\jna\5.12.1\jna-5.12.1.jar;C:\Users\user\AppData\Roaming\PrismLauncher\libraries\net\java\dev\jna\jna-platform\5.12.1\jna-platform-5.12.1.jar;C:\Users\user\AppData\Roaming\PrismLauncher\libraries\com\google\code\gson\gson\2.10\gson-2.10.jar, -minecraftXms, 512m, -minecraftXmx, 4g, -systemRAM, 15.8g, -systemUsedRAMAtMinecraftLaunchMoment, 7.7g, -systemSwapSpace, 11g, -systemUsedSwapSpaceAtMinecraftLaunchMoment, 1.1g, -processor, MTJ0aCBHZW4gSW50ZWwoUikgQ29yZShUTSkgaTUtMTI0MDBG, -serialisedGPUs, VnVsa2FuIEdQVSBkZXRlY3Rpb24gYWRkb24gbm90IGZvdW5kLCBmYWxsaW5nIGJhY2sgdG8gRGlyZWN0WApTdWNjZXNzZnVsbHkgZGV0ZWN0ZWQgR1BVcyB1c2luZyBEaXJlY3RYOgpERURJQ0FURUQgOiBOVklESUEgR2VGb3JjZSBSVFggMzA2MAoNCg==]
[2026-03-21 11:53:11.705] [INFO] [dev.kostromdan.mods.crash_assistant.app.CrashAssistantApp]: CrashAssistantApp running from: C:\Users\user\AppData\Roaming\PrismLauncher\instances\main-create\minecraft
[2026-03-21 11:53:11.705] [INFO] [dev.kostromdan.mods.crash_assistant.app.CrashAssistantApp]: crashAssistantJarName: CrashAssistant-fabric-1.19-1.20.1-1.11.3.jar
[2026-03-21 11:53:11.706] [INFO] [dev.kostromdan.mods.crash_assistant.app.CrashAssistantApp]: Parent PID: 12424
[2026-03-21 11:53:11.706] [INFO] [dev.kostromdan.mods.crash_assistant.app.CrashAssistantApp]: Parent started: 1774093986510
[2026-03-21 11:53:11.708] [INFO] [dev.kostromdan.mods.crash_assistant.app.CrashAssistantApp]: Platform: FABRIC
[2026-03-21 11:53:11.708] [INFO] [dev.kostromdan.mods.crash_assistant.app.CrashAssistantApp]: loaderJarName: fabric-loader-0.18.4.jar
[2026-03-21 11:53:11.709] [INFO] [dev.kostromdan.mods.crash_assistant.app.CrashAssistantApp]: minecraftVersion: 1.20.1
[2026-03-21 11:53:11.709] [INFO] [dev.kostromdan.mods.crash_assistant.app.CrashAssistantApp]: childProcessesPIDs: UNDEFINED
[2026-03-21 11:53:11.709] [INFO] [dev.kostromdan.mods.crash_assistant.app.CrashAssistantApp]: minecraftXms: 512m
[2026-03-21 11:53:11.709] [INFO] [dev.kostromdan.mods.crash_assistant.app.CrashAssistantApp]: minecraftXmx: 4g
[2026-03-21 11:53:11.710] [INFO] [dev.kostromdan.mods.crash_assistant.app.CrashAssistantApp]: systemRAM: 15.8g
[2026-03-21 11:53:11.710] [INFO] [dev.kostromdan.mods.crash_assistant.app.CrashAssistantApp]: systemUsedRAMAtMinecraftLaunchMoment: 7.7g
[2026-03-21 11:53:11.710] [INFO] [dev.kostromdan.mods.crash_assistant.app.CrashAssistantApp]: systemSwapSpace: 11g
[2026-03-21 11:53:11.710] [INFO] [dev.kostromdan.mods.crash_assistant.app.CrashAssistantApp]: systemUsedSwapSpaceAtMinecraftLaunchMoment: 1.1g
[2026-03-21 11:53:11.710] [INFO] [dev.kostromdan.mods.crash_assistant.app.CrashAssistantApp]: processor: 12th Gen Intel(R) Core(TM) i5-12400F
[2026-03-21 11:53:11.710] [INFO] [dev.kostromdan.mods.crash_assistant.app.CrashAssistantApp]: Boot.getSerialisedGPUs():
Vulkan GPU detection addon not found, falling back to DirectX
Successfully detected GPUs using DirectX:
DEDICATED : NVIDIA GeForce RTX 3060


[2026-03-21 11:53:11.710] [INFO] [dev.kostromdan.mods.crash_assistant.app.CrashAssistantApp]: os.name: windows 11
[2026-03-21 11:53:11.715] [INFO] [dev.kostromdan.mods.crash_assistant.app.CrashAssistantApp]: Java path: C:\Users\user\AppData\Roaming\PrismLauncher\java\java-runtime-gamma\bin\javaw.exe
[2026-03-21 11:53:11.715] [INFO] [dev.kostromdan.mods.crash_assistant.app.CrashAssistantApp]: Java version: 17.0.15+6-LTS
[2026-03-21 11:53:11.715] [INFO] [dev.kostromdan.mods.crash_assistant.app.CrashAssistantApp]: Minecraft JVM args: -XX:HeapDumpPath=MojangTricksIntelDriversForPerformance_javaw.exe_minecraft.exe.heapdump, -Xms512m, -Xmx4096m, -D<USER>.language=en, -Djava.library.path=C:/Users/<USER>/AppData/Roaming/PrismLauncher/instances/main-create/natives
[2026-03-21 11:53:11.715] [INFO] [dev.kostromdan.mods.crash_assistant.app.CrashAssistantApp]: Minecraft Launch Command: --<USER>name, Bigh2011x, --version, 1.20.1, --gameDir, C:/Users/<USER>/AppData/Roaming/PrismLauncher/instances/main-create/minecraft, --assetsDir, C:/Users/<USER>/AppData/Roaming/PrismLauncher/assets, --assetIndex, 5, --uuid, 4ad7ad70dd98470aa438bf61b02daec8, --accessToken, ????????, --<USER>Type, msa, --versionType, Fabric, --width, 854, --height, 480
[2026-03-21 11:53:11.725] [INFO] [dev.kostromdan.mods.crash_assistant.app.CrashAssistantApp]: CrashAssistantApp started successfully. Waiting for PID 12424 to stop.
[2026-03-21 11:53:34.133] [INFO] [dev.kostromdan.mods.crash_assistant.app.CrashAssistantApp]: Minecraft is running on renderer:
NVIDIA GeForce RTX 3060/PCIe/SSE2
[2026-03-21 11:54:56.432] [INFO] [dev.kostromdan.mods.crash_assistant.app.CrashAssistantApp]: PID "12424" is not alive or reused by another process. Minecraft JVM appears to have stopped.
[2026-03-21 11:54:56.438] [INFO] [dev.kostromdan.mods.crash_assistant.app.CrashAssistantApp]: System used RAM after Minecraft process finish moment: 12.7g
[2026-03-21 11:54:56.600] [INFO] [dev.kostromdan.mods.crash_assistant.app.CrashAssistantApp]: System used Swap Space after Minecraft process finish moment: 1.4g
[2026-03-21 11:54:56.605] [INFO] [dev.kostromdan.mods.crash_assistant.app.CrashAssistantApp]: Adding latest.log from C:\Users\user\AppData\Roaming\PrismLauncher\instances\main-create\minecraft\logs\latest.log
[2026-03-21 11:54:56.607] [INFO] [dev.kostromdan.mods.crash_assistant.app.CrashAssistantApp]: stderr_stream.log size: 381 bytes
[2026-03-21 11:54:56.609] [INFO] [dev.kostromdan.mods.crash_assistant.app.CrashAssistantApp]: Adding PrismLauncher-0.log from C:\Users\user\AppData\Roaming\PrismLauncher\instances\main-create\minecraft\..\..\..\logs\PrismLauncher-0.log
[2026-03-21 11:54:56.624] [INFO] [dev.kostromdan.mods.crash_assistant.app.CrashAssistantApp]: Adding KubeJS: client.log from C:\Users\user\AppData\Roaming\PrismLauncher\instances\main-create\minecraft\logs\kubejs\client.log
[2026-03-21 11:54:56.625] [INFO] [dev.kostromdan.mods.crash_assistant.app.CrashAssistantApp]: Adding KubeJS: server.log from C:\Users\user\AppData\Roaming\PrismLauncher\instances\main-create\minecraft\logs\kubejs\server.log
[2026-03-21 11:54:56.626] [INFO] [dev.kostromdan.mods.crash_assistant.app.CrashAssistantApp]: Adding KubeJS: startup.log from C:\Users\user\AppData\Roaming\PrismLauncher\instances\main-create\minecraft\logs\kubejs\startup.log
[2026-03-21 11:54:56.627] [INFO] [dev.kostromdan.mods.crash_assistant.app.CrashAssistantApp]: Adding crash_assistant_app.log from C:\Users\user\AppData\Roaming\PrismLauncher\instances\main-create\minecraft\logs\crash_assistant\crash_assistant_app.log
[2026-03-21 11:54:56.628] [INFO] [dev.kostromdan.mods.crash_assistant.app.CrashAssistantApp]: Adding startup_scripts.log from C:\Users\user\AppData\Roaming\PrismLauncher\instances\main-create\minecraft\logs\crash_assistant\startup_scripts.log
[2026-03-21 11:54:56.629] [INFO] [dev.kostromdan.mods.crash_assistant.app.CrashAssistantApp]: Reached first tick of TitleScreen: true
[2026-03-21 11:54:56.629] [INFO] [dev.kostromdan.mods.crash_assistant.app.CrashAssistantApp]: Joined world successfully: true
[2026-03-21 11:54:56.630] [INFO] [dev.kostromdan.mods.crash_assistant.app.CrashAssistantApp]: Prevent Crash Assistant Window: false
[2026-03-21 11:54:56.630] [INFO] [dev.kostromdan.mods.crash_assistant.app.CrashAssistantApp]: stop() function of Minecraft fired: true
[2026-03-21 11:54:56.630] [INFO] [dev.kostromdan.mods.crash_assistant.app.CrashAssistantApp]: close() function of Minecraft failed: false
[2026-03-21 11:54:56.630] [INFO] [dev.kostromdan.mods.crash_assistant.app.CrashAssistantApp]: emergencySave() function of Minecraft fired: false
[2026-03-21 11:54:56.635] [INFO] [dev.kostromdan.mods.crash_assistant.app.CrashAssistantApp]: isModpackCreator: true
[2026-03-21 11:54:56.636] [INFO] [dev.kostromdan.mods.crash_assistant.app.CrashAssistantApp]: isHelpLinkDefault: true
[2026-03-21 11:54:56.637] [INFO] [dev.kostromdan.mods.crash_assistant.app.CrashAssistantApp]: helpLink: https://discord.gg/v6v4pMv
[2026-03-21 11:54:56.638] [INFO] [dev.kostromdan.mods.crash_assistant.app.CrashAssistantApp]: Seems like Minecraft finished normally. Trying to locate terminated processes and Exiting Crash Assistant app.
[2026-03-21 11:54:56.860] [INFO] [dev.kostromdan.mods.crash_assistant.app.CrashAssistantApp]: UUID(4ad7ad70dd98470aa438bf61b02daec8) verification result: LICENSED
